#! /c/Source/iverilog-install/bin/vvp
:ivl_version "12.0 (devel)" "(s20150603-1539-g2693dd32b)";
:ivl_delay_selection "TYPICAL";
:vpi_time_precision - 12;
:vpi_module "C:\iverilog\lib\ivl\system.vpi";
:vpi_module "C:\iverilog\lib\ivl\vhdl_sys.vpi";
:vpi_module "C:\iverilog\lib\ivl\vhdl_textio.vpi";
:vpi_module "C:\iverilog\lib\ivl\v2005_math.vpi";
:vpi_module "C:\iverilog\lib\ivl\va_math.vpi";
S_000002bd35a18900 .scope module, "mips_tb" "mips_tb" 2 2;
 .timescale -9 -12;
v000002bd35a75cc0_0 .net "alu_result", 31 0, v000002bd35a11240_0;  1 drivers
v000002bd35a76580_0 .var "clk", 0 0;
v000002bd35a75360_0 .net "pc_out", 31 0, L_000002bd35a787d0;  1 drivers
v000002bd35a76b20_0 .var "rst_n", 0 0;
E_000002bd35a05fe0 .event negedge, v000002bd35a116a0_0;
S_000002bd359f8030 .scope module, "uut" "mips" 2 8, 3 2 0, S_000002bd35a18900;
 .timescale -9 -12;
    .port_info 0 /INPUT 1 "clk";
    .port_info 1 /INPUT 1 "rst_n";
    .port_info 2 /OUTPUT 32 "pc_out";
    .port_info 3 /OUTPUT 32 "alu_result";
v000002bd35a769e0_0 .net "alu_ctrl", 2 0, v000002bd35a10d40_0;  1 drivers
v000002bd35a754a0_0 .net "alu_result", 31 0, v000002bd35a11240_0;  alias, 1 drivers
v000002bd35a757c0_0 .net "alu_src", 0 0, L_000002bd35a770c0;  1 drivers
v000002bd35a76a80_0 .net "branch", 0 0, L_000002bd35a76e40;  1 drivers
v000002bd35a75f40_0 .net "clk", 0 0, v000002bd35a76580_0;  1 drivers
v000002bd35a76080_0 .net "instr", 31 0, L_000002bd35a78140;  1 drivers
v000002bd35a75ea0_0 .net "mem_to_reg", 0 0, L_000002bd35a76c60;  1 drivers
v000002bd35a76d00_0 .net "mem_write", 0 0, L_000002bd35a76bc0;  1 drivers
v000002bd35a75860_0 .net "pc_out", 31 0, L_000002bd35a787d0;  alias, 1 drivers
v000002bd35a75a40_0 .net "reg_dst", 0 0, L_000002bd35a75e00;  1 drivers
v000002bd35a75c20_0 .net "reg_write", 0 0, L_000002bd35a75d60;  1 drivers
v000002bd35a764e0_0 .net "rst_n", 0 0, v000002bd35a76b20_0;  1 drivers
L_000002bd35a75680 .part L_000002bd35a78140, 26, 6;
L_000002bd35a76ee0 .part L_000002bd35a78140, 0, 6;
S_000002bd359f81c0 .scope module, "u_control" "control_unit" 3 18, 4 2 0, S_000002bd359f8030;
 .timescale -9 -12;
    .port_info 0 /INPUT 6 "opcode";
    .port_info 1 /INPUT 6 "funct";
    .port_info 2 /OUTPUT 1 "mem_to_reg";
    .port_info 3 /OUTPUT 1 "mem_write";
    .port_info 4 /OUTPUT 1 "branch";
    .port_info 5 /OUTPUT 1 "alu_src";
    .port_info 6 /OUTPUT 1 "reg_dst";
    .port_info 7 /OUTPUT 1 "reg_write";
    .port_info 8 /OUTPUT 3 "alu_ctrl";
v000002bd35a12000_0 .net "alu_ctrl", 2 0, v000002bd35a10d40_0;  alias, 1 drivers
v000002bd35a11560_0 .net "alu_op", 1 0, L_000002bd35a76260;  1 drivers
v000002bd35a10e80_0 .net "alu_src", 0 0, L_000002bd35a770c0;  alias, 1 drivers
v000002bd35a10660_0 .net "branch", 0 0, L_000002bd35a76e40;  alias, 1 drivers
v000002bd35a10980_0 .net "funct", 5 0, L_000002bd35a76ee0;  1 drivers
v000002bd35a103e0_0 .net "mem_to_reg", 0 0, L_000002bd35a76c60;  alias, 1 drivers
v000002bd35a10de0_0 .net "mem_write", 0 0, L_000002bd35a76bc0;  alias, 1 drivers
v000002bd35a10a20_0 .net "opcode", 5 0, L_000002bd35a75680;  1 drivers
v000002bd35a11d80_0 .net "reg_dst", 0 0, L_000002bd35a75e00;  alias, 1 drivers
v000002bd35a11920_0 .net "reg_write", 0 0, L_000002bd35a75d60;  alias, 1 drivers
S_000002bd359f4030 .scope module, "u_alu_dec" "alu_decoder" 4 27, 5 2 0, S_000002bd359f81c0;
 .timescale -9 -12;
    .port_info 0 /INPUT 2 "alu_op";
    .port_info 1 /INPUT 6 "funct";
    .port_info 2 /OUTPUT 3 "alu_ctrl";
v000002bd35a10d40_0 .var "alu_ctrl", 2 0;
v000002bd35a108e0_0 .net "alu_op", 1 0, L_000002bd35a76260;  alias, 1 drivers
v000002bd35a10b60_0 .net "funct", 5 0, L_000002bd35a76ee0;  alias, 1 drivers
E_000002bd35a06320 .event anyedge, v000002bd35a108e0_0, v000002bd35a10b60_0;
S_000002bd359f41c0 .scope module, "u_main_dec" "main_decoder" 4 16, 6 2 0, S_000002bd359f81c0;
 .timescale -9 -12;
    .port_info 0 /INPUT 6 "opcode";
    .port_info 1 /OUTPUT 1 "mem_to_reg";
    .port_info 2 /OUTPUT 1 "mem_write";
    .port_info 3 /OUTPUT 1 "branch";
    .port_info 4 /OUTPUT 1 "alu_src";
    .port_info 5 /OUTPUT 1 "reg_dst";
    .port_info 6 /OUTPUT 1 "reg_write";
    .port_info 7 /OUTPUT 2 "alu_op";
v000002bd35a10480_0 .net *"_ivl_9", 7 0, v000002bd35a12280_0;  1 drivers
v000002bd35a11c40_0 .net "alu_op", 1 0, L_000002bd35a76260;  alias, 1 drivers
v000002bd35a111a0_0 .net "alu_src", 0 0, L_000002bd35a770c0;  alias, 1 drivers
v000002bd35a10840_0 .net "branch", 0 0, L_000002bd35a76e40;  alias, 1 drivers
v000002bd35a12280_0 .var "controls", 7 0;
v000002bd35a105c0_0 .net "mem_to_reg", 0 0, L_000002bd35a76c60;  alias, 1 drivers
v000002bd35a11880_0 .net "mem_write", 0 0, L_000002bd35a76bc0;  alias, 1 drivers
v000002bd35a11420_0 .net "opcode", 5 0, L_000002bd35a75680;  alias, 1 drivers
v000002bd35a11100_0 .net "reg_dst", 0 0, L_000002bd35a75e00;  alias, 1 drivers
v000002bd35a114c0_0 .net "reg_write", 0 0, L_000002bd35a75d60;  alias, 1 drivers
E_000002bd35a06020 .event anyedge, v000002bd35a11420_0;
L_000002bd35a75d60 .part v000002bd35a12280_0, 7, 1;
L_000002bd35a75e00 .part v000002bd35a12280_0, 6, 1;
L_000002bd35a770c0 .part v000002bd35a12280_0, 5, 1;
L_000002bd35a76e40 .part v000002bd35a12280_0, 4, 1;
L_000002bd35a76bc0 .part v000002bd35a12280_0, 3, 1;
L_000002bd35a76c60 .part v000002bd35a12280_0, 2, 1;
L_000002bd35a76260 .part v000002bd35a12280_0, 0, 2;
S_000002bd359df2e0 .scope module, "u_datapath" "datapath" 3 30, 7 3 0, S_000002bd359f8030;
 .timescale -9 -12;
    .port_info 0 /INPUT 1 "clk";
    .port_info 1 /INPUT 1 "rst_n";
    .port_info 2 /INPUT 1 "reg_write_en";
    .port_info 3 /INPUT 1 "reg_dst";
    .port_info 4 /INPUT 1 "alu_src";
    .port_info 5 /INPUT 3 "alu_ctrl";
    .port_info 6 /INPUT 1 "mem_write_en";
    .port_info 7 /INPUT 1 "mem_to_reg";
    .port_info 8 /INPUT 1 "branch";
    .port_info 9 /OUTPUT 32 "pc_out";
    .port_info 10 /OUTPUT 32 "alu_result";
    .port_info 11 /OUTPUT 32 "instr_out";
L_000002bd35a78140 .functor BUFZ 32, L_000002bd35a78220, C4<00000000000000000000000000000000>, C4<00000000000000000000000000000000>, C4<00000000000000000000000000000000>;
L_000002bd35a77ab0 .functor AND 1, L_000002bd35a76e40, L_000002bd35a898c0, C4<1>, C4<1>;
L_000002bd35a787d0 .functor BUFZ 32, L_000002bd35a78680, C4<00000000000000000000000000000000>, C4<00000000000000000000000000000000>, C4<00000000000000000000000000000000>;
L_000002bd35dd00d0 .functor BUFT 1, C4<00>, C4<0>, C4<0>, C4<0>;
v000002bd35a72480_0 .net *"_ivl_10", 1 0, L_000002bd35dd00d0;  1 drivers
v000002bd35a732e0_0 .net *"_ivl_19", 4 0, L_000002bd35a8a540;  1 drivers
L_000002bd35dd0088 .functor BUFT 1, C4<00000000000000000000000000000100>, C4<0>, C4<0>, C4<0>;
v000002bd35a72ac0_0 .net/2u *"_ivl_2", 31 0, L_000002bd35dd0088;  1 drivers
v000002bd35a72fc0_0 .net *"_ivl_21", 4 0, L_000002bd35a8a180;  1 drivers
v000002bd35a72ca0_0 .net *"_ivl_29", 0 0, L_000002bd35a8a4a0;  1 drivers
v000002bd35a72e80_0 .net *"_ivl_30", 15 0, L_000002bd35a89820;  1 drivers
v000002bd35a72520_0 .net *"_ivl_33", 15 0, L_000002bd35a893c0;  1 drivers
v000002bd35a72d40_0 .net *"_ivl_6", 31 0, L_000002bd35a76120;  1 drivers
v000002bd35a73060_0 .net *"_ivl_8", 29 0, L_000002bd35a76da0;  1 drivers
v000002bd35a73100_0 .net "alu_ctrl", 2 0, v000002bd35a10d40_0;  alias, 1 drivers
v000002bd35a73880_0 .net "alu_result", 31 0, v000002bd35a11240_0;  alias, 1 drivers
v000002bd35a73a60_0 .net "alu_src", 0 0, L_000002bd35a770c0;  alias, 1 drivers
v000002bd35a73420_0 .net "branch", 0 0, L_000002bd35a76e40;  alias, 1 drivers
v000002bd35a73b00_0 .net "branch_target", 31 0, L_000002bd35a76f80;  1 drivers
v000002bd35a734c0_0 .net "clk", 0 0, v000002bd35a76580_0;  alias, 1 drivers
v000002bd35a73560_0 .net "instr", 31 0, L_000002bd35a78220;  1 drivers
v000002bd35a75400_0 .net "instr_out", 31 0, L_000002bd35a78140;  alias, 1 drivers
v000002bd35a763a0_0 .net "mem_to_reg", 0 0, L_000002bd35a76c60;  alias, 1 drivers
v000002bd35a76800_0 .net "mem_write_en", 0 0, L_000002bd35a76bc0;  alias, 1 drivers
v000002bd35a766c0_0 .net "pc", 31 0, L_000002bd35a78680;  1 drivers
v000002bd35a75b80_0 .net "pc_out", 31 0, L_000002bd35a787d0;  alias, 1 drivers
v000002bd35a76760_0 .net "pc_plus4", 31 0, L_000002bd35a752c0;  1 drivers
v000002bd35a76940_0 .net "pc_src", 0 0, L_000002bd35a77ab0;  1 drivers
v000002bd35a759a0_0 .net "rd1", 31 0, L_000002bd35a89dc0;  1 drivers
v000002bd35a75ae0_0 .net "rd2", 31 0, L_000002bd35a89780;  1 drivers
v000002bd35a768a0_0 .net "read_data", 31 0, L_000002bd35a78920;  1 drivers
v000002bd35a77020_0 .net "reg_dst", 0 0, L_000002bd35a75e00;  alias, 1 drivers
v000002bd35a75720_0 .net "reg_write_en", 0 0, L_000002bd35a75d60;  alias, 1 drivers
v000002bd35a75220_0 .net "result", 31 0, L_000002bd35a896e0;  1 drivers
v000002bd35a76300_0 .net "rst_n", 0 0, v000002bd35a76b20_0;  alias, 1 drivers
v000002bd35a76440_0 .net "sign_imm", 31 0, L_000002bd35a89fa0;  1 drivers
v000002bd35a76620_0 .net "src_b", 31 0, L_000002bd35a8a5e0;  1 drivers
v000002bd35a75fe0_0 .net "write_reg", 4 0, L_000002bd35a890a0;  1 drivers
v000002bd35a75540_0 .net "zero_flag", 0 0, L_000002bd35a898c0;  1 drivers
L_000002bd35a752c0 .arith/sum 32, L_000002bd35a78680, L_000002bd35dd0088;
L_000002bd35a76da0 .part L_000002bd35a89fa0, 0, 30;
L_000002bd35a76120 .concat [ 2 30 0 0], L_000002bd35dd00d0, L_000002bd35a76da0;
L_000002bd35a76f80 .arith/sum 32, L_000002bd35a752c0, L_000002bd35a76120;
L_000002bd35a8a540 .part L_000002bd35a78220, 11, 5;
L_000002bd35a8a180 .part L_000002bd35a78220, 16, 5;
L_000002bd35a890a0 .functor MUXZ 5, L_000002bd35a8a180, L_000002bd35a8a540, L_000002bd35a75e00, C4<>;
L_000002bd35a8a0e0 .part L_000002bd35a78220, 21, 5;
L_000002bd35a89640 .part L_000002bd35a78220, 16, 5;
L_000002bd35a8a4a0 .part L_000002bd35a78220, 15, 1;
LS_000002bd35a89820_0_0 .concat [ 1 1 1 1], L_000002bd35a8a4a0, L_000002bd35a8a4a0, L_000002bd35a8a4a0, L_000002bd35a8a4a0;
LS_000002bd35a89820_0_4 .concat [ 1 1 1 1], L_000002bd35a8a4a0, L_000002bd35a8a4a0, L_000002bd35a8a4a0, L_000002bd35a8a4a0;
LS_000002bd35a89820_0_8 .concat [ 1 1 1 1], L_000002bd35a8a4a0, L_000002bd35a8a4a0, L_000002bd35a8a4a0, L_000002bd35a8a4a0;
LS_000002bd35a89820_0_12 .concat [ 1 1 1 1], L_000002bd35a8a4a0, L_000002bd35a8a4a0, L_000002bd35a8a4a0, L_000002bd35a8a4a0;
L_000002bd35a89820 .concat [ 4 4 4 4], LS_000002bd35a89820_0_0, LS_000002bd35a89820_0_4, LS_000002bd35a89820_0_8, LS_000002bd35a89820_0_12;
L_000002bd35a893c0 .part L_000002bd35a78220, 0, 16;
L_000002bd35a89fa0 .concat [ 16 16 0 0], L_000002bd35a893c0, L_000002bd35a89820;
L_000002bd35a8a5e0 .functor MUXZ 32, L_000002bd35a89780, L_000002bd35a89fa0, L_000002bd35a770c0, C4<>;
L_000002bd35a896e0 .functor MUXZ 32, v000002bd35a11240_0, L_000002bd35a78920, L_000002bd35a76c60, C4<>;
S_000002bd359df470 .scope module, "u_alu" "alu" 7 75, 8 2 0, S_000002bd359df2e0;
 .timescale -9 -12;
    .port_info 0 /INPUT 32 "src_a";
    .port_info 1 /INPUT 32 "src_b";
    .port_info 2 /INPUT 3 "alu_ctrl";
    .port_info 3 /OUTPUT 32 "result";
    .port_info 4 /OUTPUT 1 "zero";
L_000002bd35dd0310 .functor BUFT 1, C4<00000000000000000000000000000000>, C4<0>, C4<0>, C4<0>;
v000002bd35a10520_0 .net/2u *"_ivl_0", 31 0, L_000002bd35dd0310;  1 drivers
v000002bd35a11ce0_0 .net "alu_ctrl", 2 0, v000002bd35a10d40_0;  alias, 1 drivers
v000002bd35a11240_0 .var "result", 31 0;
v000002bd35a112e0_0 .net "src_a", 31 0, L_000002bd35a89dc0;  alias, 1 drivers
v000002bd35a10ac0_0 .net "src_b", 31 0, L_000002bd35a8a5e0;  alias, 1 drivers
v000002bd35a11380_0 .net "zero", 0 0, L_000002bd35a898c0;  alias, 1 drivers
E_000002bd35a056a0 .event anyedge, v000002bd35a10d40_0, v000002bd35a112e0_0, v000002bd35a10ac0_0;
L_000002bd35a898c0 .cmp/eq 32, v000002bd35a11240_0, L_000002bd35dd0310;
S_000002bd359f7830 .scope module, "u_data_mem" "data_memory" 7 84, 9 2 0, S_000002bd359df2e0;
 .timescale -9 -12;
    .port_info 0 /INPUT 1 "clk";
    .port_info 1 /INPUT 1 "mem_write_en";
    .port_info 2 /INPUT 32 "addr";
    .port_info 3 /INPUT 32 "write_data";
    .port_info 4 /OUTPUT 32 "read_data";
P_000002bd3598e8b0 .param/l "DEPTH" 0 9 4, +C4<00000000000000000000000100000000>;
P_000002bd3598e8e8 .param/l "WIDTH" 0 9 3, +C4<00000000000000000000000000100000>;
L_000002bd35a78920 .functor BUFZ 32, L_000002bd35a89aa0, C4<00000000000000000000000000000000>, C4<00000000000000000000000000000000>, C4<00000000000000000000000000000000>;
v000002bd35a11600_0 .net *"_ivl_0", 31 0, L_000002bd35a89aa0;  1 drivers
v000002bd35a11a60_0 .net *"_ivl_3", 29 0, L_000002bd35a89140;  1 drivers
v000002bd35a10ca0_0 .net "addr", 31 0, v000002bd35a11240_0;  alias, 1 drivers
v000002bd35a116a0_0 .net "clk", 0 0, v000002bd35a76580_0;  alias, 1 drivers
v000002bd35a10f20_0 .net "mem_write_en", 0 0, L_000002bd35a76bc0;  alias, 1 drivers
v000002bd35a11740 .array "ram", 255 0, 31 0;
v000002bd35a117e0_0 .net "read_data", 31 0, L_000002bd35a78920;  alias, 1 drivers
v000002bd35a11ec0_0 .net "write_data", 31 0, L_000002bd35a89780;  alias, 1 drivers
E_000002bd35a06360 .event posedge, v000002bd35a116a0_0;
L_000002bd35a89aa0 .array/port v000002bd35a11740, L_000002bd35a89140;
L_000002bd35a89140 .part v000002bd35a11240_0, 2, 30;
S_000002bd359f79c0 .scope module, "u_if_stage" "if_stage" 7 43, 10 2 0, S_000002bd359df2e0;
 .timescale -9 -12;
    .port_info 0 /INPUT 1 "clk";
    .port_info 1 /INPUT 1 "rst_n";
    .port_info 2 /INPUT 1 "pc_src";
    .port_info 3 /INPUT 32 "branch_target";
    .port_info 4 /OUTPUT 32 "instr";
    .port_info 5 /OUTPUT 32 "current_pc";
L_000002bd35a78680 .functor BUFZ 32, v000002bd35a725c0_0, C4<00000000000000000000000000000000>, C4<00000000000000000000000000000000>, C4<00000000000000000000000000000000>;
L_000002bd35dd0118 .functor BUFT 1, C4<00000000000000000000000000000100>, C4<0>, C4<0>, C4<0>;
v000002bd35a74000_0 .net/2u *"_ivl_0", 31 0, L_000002bd35dd0118;  1 drivers
v000002bd35a72700_0 .net "branch_target", 31 0, L_000002bd35a76f80;  alias, 1 drivers
v000002bd35a740a0_0 .net "clk", 0 0, v000002bd35a76580_0;  alias, 1 drivers
v000002bd35a72340_0 .net "current_pc", 31 0, L_000002bd35a78680;  alias, 1 drivers
v000002bd35a73ba0_0 .net "instr", 31 0, L_000002bd35a78220;  alias, 1 drivers
v000002bd35a73600_0 .net "pc", 31 0, v000002bd35a725c0_0;  1 drivers
v000002bd35a736a0_0 .net "pc_next", 31 0, L_000002bd35a75900;  1 drivers
v000002bd35a723e0_0 .net "pc_plus4", 31 0, L_000002bd35a755e0;  1 drivers
v000002bd35a72b60_0 .net "pc_src", 0 0, L_000002bd35a77ab0;  alias, 1 drivers
v000002bd35a73740_0 .net "rst_n", 0 0, v000002bd35a76b20_0;  alias, 1 drivers
L_000002bd35a755e0 .arith/sum 32, v000002bd35a725c0_0, L_000002bd35dd0118;
L_000002bd35a75900 .functor MUXZ 32, L_000002bd35a755e0, L_000002bd35a76f80, L_000002bd35a77ab0, C4<>;
S_000002bd359ef750 .scope module, "u_imem" "instruction_memory" 10 24, 11 2 0, S_000002bd359f79c0;
 .timescale -9 -12;
    .port_info 0 /INPUT 32 "addr";
    .port_info 1 /OUTPUT 32 "rd";
P_000002bd359a3390 .param/l "DEPTH" 0 11 4, +C4<00000000000000000000000100000000>;
P_000002bd359a33c8 .param/l "WIDTH" 0 11 3, +C4<00000000000000000000000000100000>;
L_000002bd35a78220 .functor BUFZ 32, L_000002bd35a761c0, C4<00000000000000000000000000000000>, C4<00000000000000000000000000000000>, C4<00000000000000000000000000000000>;
v000002bd35a11e20_0 .net *"_ivl_0", 31 0, L_000002bd35a761c0;  1 drivers
v000002bd35a119c0_0 .net *"_ivl_3", 29 0, L_000002bd35a89460;  1 drivers
v000002bd35a11f60_0 .net "addr", 31 0, v000002bd35a725c0_0;  alias, 1 drivers
v000002bd35a120a0 .array "ram", 255 0, 31 0;
v000002bd35a12140_0 .net "rd", 31 0, L_000002bd35a78220;  alias, 1 drivers
L_000002bd35a761c0 .array/port v000002bd35a120a0, L_000002bd35a89460;
L_000002bd35a89460 .part v000002bd35a725c0_0, 2, 30;
S_000002bd359ef8e0 .scope module, "u_pc" "pc" 10 14, 12 2 0, S_000002bd359f79c0;
 .timescale -9 -12;
    .port_info 0 /INPUT 1 "clk";
    .port_info 1 /INPUT 1 "rst_n";
    .port_info 2 /INPUT 32 "pc_next";
    .port_info 3 /OUTPUT 32 "pc";
v000002bd35a07e80_0 .net "clk", 0 0, v000002bd35a76580_0;  alias, 1 drivers
v000002bd35a725c0_0 .var "pc", 31 0;
v000002bd35a73e20_0 .net "pc_next", 31 0, L_000002bd35a75900;  alias, 1 drivers
v000002bd35a73f60_0 .net "rst_n", 0 0, v000002bd35a76b20_0;  alias, 1 drivers
E_000002bd35a060e0/0 .event negedge, v000002bd35a73f60_0;
E_000002bd35a060e0/1 .event posedge, v000002bd35a116a0_0;
E_000002bd35a060e0 .event/or E_000002bd35a060e0/0, E_000002bd35a060e0/1;
S_000002bd359e77c0 .scope module, "u_reg_file" "reg_file" 7 57, 13 2 0, S_000002bd359df2e0;
 .timescale -9 -12;
    .port_info 0 /INPUT 1 "clk";
    .port_info 1 /INPUT 1 "we3";
    .port_info 2 /INPUT 5 "wa3";
    .port_info 3 /INPUT 32 "wd3";
    .port_info 4 /INPUT 5 "ra1";
    .port_info 5 /INPUT 5 "ra2";
    .port_info 6 /OUTPUT 32 "rd1";
    .port_info 7 /OUTPUT 32 "rd2";
L_000002bd35dd0160 .functor BUFT 1, C4<00000>, C4<0>, C4<0>, C4<0>;
v000002bd35a72660_0 .net/2u *"_ivl_0", 4 0, L_000002bd35dd0160;  1 drivers
L_000002bd35dd01f0 .functor BUFT 1, C4<00>, C4<0>, C4<0>, C4<0>;
v000002bd35a72200_0 .net *"_ivl_11", 1 0, L_000002bd35dd01f0;  1 drivers
L_000002bd35dd0238 .functor BUFT 1, C4<00000>, C4<0>, C4<0>, C4<0>;
v000002bd35a73c40_0 .net/2u *"_ivl_14", 4 0, L_000002bd35dd0238;  1 drivers
v000002bd35a72840_0 .net *"_ivl_16", 0 0, L_000002bd35a89500;  1 drivers
L_000002bd35dd0280 .functor BUFT 1, C4<00000000000000000000000000000000>, C4<0>, C4<0>, C4<0>;
v000002bd35a72c00_0 .net/2u *"_ivl_18", 31 0, L_000002bd35dd0280;  1 drivers
v000002bd35a72de0_0 .net *"_ivl_2", 0 0, L_000002bd35a8a900;  1 drivers
v000002bd35a73d80_0 .net *"_ivl_20", 31 0, L_000002bd35a895a0;  1 drivers
v000002bd35a739c0_0 .net *"_ivl_22", 6 0, L_000002bd35a89320;  1 drivers
L_000002bd35dd02c8 .functor BUFT 1, C4<00>, C4<0>, C4<0>, C4<0>;
v000002bd35a728e0_0 .net *"_ivl_25", 1 0, L_000002bd35dd02c8;  1 drivers
L_000002bd35dd01a8 .functor BUFT 1, C4<00000000000000000000000000000000>, C4<0>, C4<0>, C4<0>;
v000002bd35a731a0_0 .net/2u *"_ivl_4", 31 0, L_000002bd35dd01a8;  1 drivers
v000002bd35a722a0_0 .net *"_ivl_6", 31 0, L_000002bd35a89960;  1 drivers
v000002bd35a727a0_0 .net *"_ivl_8", 6 0, L_000002bd35a88e20;  1 drivers
v000002bd35a73920_0 .net "clk", 0 0, v000002bd35a76580_0;  alias, 1 drivers
v000002bd35a73380_0 .net "ra1", 4 0, L_000002bd35a8a0e0;  1 drivers
v000002bd35a73240_0 .net "ra2", 4 0, L_000002bd35a89640;  1 drivers
v000002bd35a73ec0_0 .net "rd1", 31 0, L_000002bd35a89dc0;  alias, 1 drivers
v000002bd35a72980_0 .net "rd2", 31 0, L_000002bd35a89780;  alias, 1 drivers
v000002bd35a72a20 .array "rf", 0 31, 31 0;
v000002bd35a737e0_0 .net "wa3", 4 0, L_000002bd35a890a0;  alias, 1 drivers
v000002bd35a72f20_0 .net "wd3", 31 0, L_000002bd35a896e0;  alias, 1 drivers
v000002bd35a73ce0_0 .net "we3", 0 0, L_000002bd35a75d60;  alias, 1 drivers
L_000002bd35a8a900 .cmp/eq 5, L_000002bd35a8a0e0, L_000002bd35dd0160;
L_000002bd35a89960 .array/port v000002bd35a72a20, L_000002bd35a88e20;
L_000002bd35a88e20 .concat [ 5 2 0 0], L_000002bd35a8a0e0, L_000002bd35dd01f0;
L_000002bd35a89dc0 .functor MUXZ 32, L_000002bd35a89960, L_000002bd35dd01a8, L_000002bd35a8a900, C4<>;
L_000002bd35a89500 .cmp/eq 5, L_000002bd35a89640, L_000002bd35dd0238;
L_000002bd35a895a0 .array/port v000002bd35a72a20, L_000002bd35a89320;
L_000002bd35a89320 .concat [ 5 2 0 0], L_000002bd35a89640, L_000002bd35dd02c8;
L_000002bd35a89780 .functor MUXZ 32, L_000002bd35a895a0, L_000002bd35dd0280, L_000002bd35a89500, C4<>;
    .scope S_000002bd359f41c0;
T_0 ;
    %wait E_000002bd35a06020;
    %load/vec4 v000002bd35a11420_0;
    %dup/vec4;
    %pushi/vec4 0, 0, 6;
    %cmp/u;
    %jmp/1 T_0.0, 6;
    %dup/vec4;
    %pushi/vec4 35, 0, 6;
    %cmp/u;
    %jmp/1 T_0.1, 6;
    %dup/vec4;
    %pushi/vec4 43, 0, 6;
    %cmp/u;
    %jmp/1 T_0.2, 6;
    %dup/vec4;
    %pushi/vec4 4, 0, 6;
    %cmp/u;
    %jmp/1 T_0.3, 6;
    %dup/vec4;
    %pushi/vec4 8, 0, 6;
    %cmp/u;
    %jmp/1 T_0.4, 6;
    %dup/vec4;
    %pushi/vec4 13, 0, 6;
    %cmp/u;
    %jmp/1 T_0.5, 6;
    %pushi/vec4 0, 0, 8;
    %store/vec4 v000002bd35a12280_0, 0, 8;
    %jmp T_0.7;
T_0.0 ;
    %pushi/vec4 194, 0, 8;
    %store/vec4 v000002bd35a12280_0, 0, 8;
    %jmp T_0.7;
T_0.1 ;
    %pushi/vec4 164, 0, 8;
    %store/vec4 v000002bd35a12280_0, 0, 8;
    %jmp T_0.7;
T_0.2 ;
    %pushi/vec4 40, 0, 8;
    %store/vec4 v000002bd35a12280_0, 0, 8;
    %jmp T_0.7;
T_0.3 ;
    %pushi/vec4 17, 0, 8;
    %store/vec4 v000002bd35a12280_0, 0, 8;
    %jmp T_0.7;
T_0.4 ;
    %pushi/vec4 160, 0, 8;
    %store/vec4 v000002bd35a12280_0, 0, 8;
    %jmp T_0.7;
T_0.5 ;
    %pushi/vec4 163, 0, 8;
    %store/vec4 v000002bd35a12280_0, 0, 8;
    %jmp T_0.7;
T_0.7 ;
    %pop/vec4 1;
    %jmp T_0;
    .thread T_0, $push;
    .scope S_000002bd359f4030;
T_1 ;
    %wait E_000002bd35a06320;
    %load/vec4 v000002bd35a108e0_0;
    %dup/vec4;
    %pushi/vec4 0, 0, 2;
    %cmp/u;
    %jmp/1 T_1.0, 6;
    %dup/vec4;
    %pushi/vec4 1, 0, 2;
    %cmp/u;
    %jmp/1 T_1.1, 6;
    %dup/vec4;
    %pushi/vec4 2, 0, 2;
    %cmp/u;
    %jmp/1 T_1.2, 6;
    %dup/vec4;
    %pushi/vec4 3, 0, 2;
    %cmp/u;
    %jmp/1 T_1.3, 6;
    %pushi/vec4 0, 0, 3;
    %store/vec4 v000002bd35a10d40_0, 0, 3;
    %jmp T_1.5;
T_1.0 ;
    %pushi/vec4 2, 0, 3;
    %store/vec4 v000002bd35a10d40_0, 0, 3;
    %jmp T_1.5;
T_1.1 ;
    %pushi/vec4 6, 0, 3;
    %store/vec4 v000002bd35a10d40_0, 0, 3;
    %jmp T_1.5;
T_1.2 ;
    %load/vec4 v000002bd35a10b60_0;
    %dup/vec4;
    %pushi/vec4 32, 0, 6;
    %cmp/u;
    %jmp/1 T_1.6, 6;
    %dup/vec4;
    %pushi/vec4 34, 0, 6;
    %cmp/u;
    %jmp/1 T_1.7, 6;
    %dup/vec4;
    %pushi/vec4 36, 0, 6;
    %cmp/u;
    %jmp/1 T_1.8, 6;
    %dup/vec4;
    %pushi/vec4 37, 0, 6;
    %cmp/u;
    %jmp/1 T_1.9, 6;
    %dup/vec4;
    %pushi/vec4 42, 0, 6;
    %cmp/u;
    %jmp/1 T_1.10, 6;
    %pushi/vec4 2, 0, 3;
    %store/vec4 v000002bd35a10d40_0, 0, 3;
    %jmp T_1.12;
T_1.6 ;
    %pushi/vec4 2, 0, 3;
    %store/vec4 v000002bd35a10d40_0, 0, 3;
    %jmp T_1.12;
T_1.7 ;
    %pushi/vec4 6, 0, 3;
    %store/vec4 v000002bd35a10d40_0, 0, 3;
    %jmp T_1.12;
T_1.8 ;
    %pushi/vec4 0, 0, 3;
    %store/vec4 v000002bd35a10d40_0, 0, 3;
    %jmp T_1.12;
T_1.9 ;
    %pushi/vec4 1, 0, 3;
    %store/vec4 v000002bd35a10d40_0, 0, 3;
    %jmp T_1.12;
T_1.10 ;
    %pushi/vec4 7, 0, 3;
    %store/vec4 v000002bd35a10d40_0, 0, 3;
    %jmp T_1.12;
T_1.12 ;
    %pop/vec4 1;
    %jmp T_1.5;
T_1.3 ;
    %pushi/vec4 1, 0, 3;
    %store/vec4 v000002bd35a10d40_0, 0, 3;
    %jmp T_1.5;
T_1.5 ;
    %pop/vec4 1;
    %jmp T_1;
    .thread T_1, $push;
    .scope S_000002bd359ef8e0;
T_2 ;
    %wait E_000002bd35a060e0;
    %load/vec4 v000002bd35a73f60_0;
    %nor/r;
    %flag_set/vec4 8;
    %jmp/0xz  T_2.0, 8;
    %pushi/vec4 0, 0, 32;
    %assign/vec4 v000002bd35a725c0_0, 0;
    %jmp T_2.1;
T_2.0 ;
    %load/vec4 v000002bd35a73e20_0;
    %assign/vec4 v000002bd35a725c0_0, 0;
T_2.1 ;
    %jmp T_2;
    .thread T_2;
    .scope S_000002bd359ef750;
T_3 ;
    %vpi_call 11 12 "$readmemh", "memfile.dat", v000002bd35a120a0 {0 0 0};
    %end;
    .thread T_3;
    .scope S_000002bd359e77c0;
T_4 ;
    %wait E_000002bd35a06360;
    %load/vec4 v000002bd35a73ce0_0;
    %flag_set/vec4 9;
    %flag_get/vec4 9;
    %jmp/0 T_4.2, 9;
    %load/vec4 v000002bd35a737e0_0;
    %pushi/vec4 0, 0, 5;
    %cmp/ne;
    %flag_get/vec4 4;
    %and;
T_4.2;
    %flag_set/vec4 8;
    %jmp/0xz  T_4.0, 8;
    %load/vec4 v000002bd35a72f20_0;
    %load/vec4 v000002bd35a737e0_0;
    %pad/u 7;
    %ix/vec4 3;
    %ix/load 4, 0, 0; Constant delay
    %assign/vec4/a/d v000002bd35a72a20, 0, 4;
T_4.0 ;
    %jmp T_4;
    .thread T_4;
    .scope S_000002bd359df470;
T_5 ;
    %wait E_000002bd35a056a0;
    %load/vec4 v000002bd35a11ce0_0;
    %dup/vec4;
    %pushi/vec4 0, 0, 3;
    %cmp/u;
    %jmp/1 T_5.0, 6;
    %dup/vec4;
    %pushi/vec4 1, 0, 3;
    %cmp/u;
    %jmp/1 T_5.1, 6;
    %dup/vec4;
    %pushi/vec4 2, 0, 3;
    %cmp/u;
    %jmp/1 T_5.2, 6;
    %dup/vec4;
    %pushi/vec4 6, 0, 3;
    %cmp/u;
    %jmp/1 T_5.3, 6;
    %dup/vec4;
    %pushi/vec4 7, 0, 3;
    %cmp/u;
    %jmp/1 T_5.4, 6;
    %pushi/vec4 0, 0, 32;
    %store/vec4 v000002bd35a11240_0, 0, 32;
    %jmp T_5.6;
T_5.0 ;
    %load/vec4 v000002bd35a112e0_0;
    %load/vec4 v000002bd35a10ac0_0;
    %and;
    %store/vec4 v000002bd35a11240_0, 0, 32;
    %jmp T_5.6;
T_5.1 ;
    %load/vec4 v000002bd35a112e0_0;
    %load/vec4 v000002bd35a10ac0_0;
    %or;
    %store/vec4 v000002bd35a11240_0, 0, 32;
    %jmp T_5.6;
T_5.2 ;
    %load/vec4 v000002bd35a112e0_0;
    %load/vec4 v000002bd35a10ac0_0;
    %add;
    %store/vec4 v000002bd35a11240_0, 0, 32;
    %jmp T_5.6;
T_5.3 ;
    %load/vec4 v000002bd35a112e0_0;
    %load/vec4 v000002bd35a10ac0_0;
    %sub;
    %store/vec4 v000002bd35a11240_0, 0, 32;
    %jmp T_5.6;
T_5.4 ;
    %load/vec4 v000002bd35a112e0_0;
    %load/vec4 v000002bd35a10ac0_0;
    %cmp/s;
    %flag_mov 8, 5;
    %jmp/0 T_5.7, 8;
    %pushi/vec4 1, 0, 32;
    %jmp/1 T_5.8, 8;
T_5.7 ; End of true expr.
    %pushi/vec4 0, 0, 32;
    %jmp/0 T_5.8, 8;
 ; End of false expr.
    %blend;
T_5.8;
    %store/vec4 v000002bd35a11240_0, 0, 32;
    %jmp T_5.6;
T_5.6 ;
    %pop/vec4 1;
    %jmp T_5;
    .thread T_5, $push;
    .scope S_000002bd359f7830;
T_6 ;
    %wait E_000002bd35a06360;
    %load/vec4 v000002bd35a10f20_0;
    %flag_set/vec4 8;
    %jmp/0xz  T_6.0, 8;
    %load/vec4 v000002bd35a11ec0_0;
    %load/vec4 v000002bd35a10ca0_0;
    %parti/s 30, 2, 3;
    %ix/vec4 3;
    %ix/load 4, 0, 0; Constant delay
    %assign/vec4/a/d v000002bd35a11740, 0, 4;
T_6.0 ;
    %jmp T_6;
    .thread T_6;
    .scope S_000002bd35a18900;
T_7 ;
    %pushi/vec4 0, 0, 1;
    %store/vec4 v000002bd35a76580_0, 0, 1;
T_7.0 ;
    %delay 5000, 0;
    %load/vec4 v000002bd35a76580_0;
    %inv;
    %store/vec4 v000002bd35a76580_0, 0, 1;
    %jmp T_7.0;
    %end;
    .thread T_7;
    .scope S_000002bd35a18900;
T_8 ;
    %vpi_call 2 21 "$dumpfile", "mips.vcd" {0 0 0};
    %vpi_call 2 22 "$dumpvars", 32'sb00000000000000000000000000000000, S_000002bd35a18900 {0 0 0};
    %end;
    .thread T_8;
    .scope S_000002bd35a18900;
T_9 ;
    %pushi/vec4 0, 0, 1;
    %store/vec4 v000002bd35a76b20_0, 0, 1;
    %delay 10000, 0;
    %pushi/vec4 1, 0, 1;
    %store/vec4 v000002bd35a76b20_0, 0, 1;
    %vpi_call 2 30 "$display", "===========================================" {0 0 0};
    %vpi_call 2 31 "$display", "   MIPS Single Cycle Simulation Start    " {0 0 0};
    %vpi_call 2 32 "$display", "===========================================" {0 0 0};
    %pushi/vec4 15, 0, 32;
T_9.0 %dup/vec4;
    %pushi/vec4 0, 0, 32;
    %cmp/s;
    %jmp/1xz T_9.1, 5;
    %jmp/1 T_9.1, 4;
    %pushi/vec4 1, 0, 32;
    %sub;
    %wait E_000002bd35a05fe0;
    %delay 1000, 0;
    %vpi_call 2 37 "$display", "PC: 0x%h | ALU Result: %d", v000002bd35a75360_0, v000002bd35a75cc0_0 {0 0 0};
    %jmp T_9.0;
T_9.1 ;
    %pop/vec4 1;
    %vpi_call 2 40 "$display", "===========================================" {0 0 0};
    %vpi_call 2 41 "$display", "   Simulation Complete                   " {0 0 0};
    %vpi_call 2 42 "$display", "===========================================" {0 0 0};
    %vpi_call 2 43 "$finish" {0 0 0};
    %end;
    .thread T_9;
# The file index is used to find the file name in the following table.
:file_names 14;
    "N/A";
    "<interactive>";
    "mips_tb.v";
    "mips.v";
    "control_unit.v";
    "alu_decoder.v";
    "main_decoder.v";
    "datapath.v";
    "alu.v";
    "data_memory.v";
    "if_stage.v";
    "instruction_memory.v";
    "pc.v";
    "reg_file.v";
